1562109737.18
1562109743.4 2.15286 0
1562109744.12 0.661996 0
1562109744.82 0.639432 0
1562109745.56 0.635868 0
1562109747.87 -0.097036 1
1562109748.61 -0.089744 0
1562109749.36 -0.10772 0
1562109750.07 -0.126312 0
1562109752.27 -0.081868 1
1562109753.03 -0.029488 0
1562109753.76 -0.0779 0
1562109754.5 -0.063252 0
1562109757.45 -0.784432 1
1562109758.18 -0.063256 0
1562109758.94 -0.119 0
1562109759.81 -0.279324 0
1562109762.27 -0.118988 1
1562109763.1 -0.181944 0
1562109763.92 -0.297824 0
1562109764.75 -0.2976 0
1562109768.25 0.565484 1
1562109768.49 0.077872 0
1562109769.16 -0.037388 0
1562109769.89 -0.111684 0
1562109772.85 -0.870228 1
