1562109208.37
1562109218.17 3.664328 0
1562109218.51 0.071188 0
1562109218.88 0.081768 0
1562109219.28 0.104132 0
1562109219.92 -0.230448 0
1562109220.3 -0.26044 0
1562109220.67 -0.197412 0
1562109221.44 -0.573024 0
1562109221.81 -0.122664 0
1562109222.17 -0.059908 0
1562109222.55 -0.051976 0
1562109222.89 0.312468 0
1562109223.26 0.323916 0
1562109223.63 0.335108 0
1562109224.02 0.338364 0
1562109224.38 0.342544 0
1562109224.78 -0.030032 0
1562109225.88 -0.766272 0
1562109226.27 -0.059304 0
1562109227.04 -0.423824 0
1562109227.41 -0.018772 0
1562109227.81 -0.05988 0
1562109228.2 -0.041324 0
1562109228.58 -0.100272 0
1562109231.63 -0.390648 1
1562109232.07 0.081788 0
1562109232.48 0.070608 0
1562109232.85 0.085712 0
1562109233.21 0.067284 0
1562109233.58 0.055552 0
1562109233.92 0.007488 0
1562109234.31 -0.040752 0
1562109235.06 -0.427864 0
1562109236.19 -0.781104 0
1562109236.58 -0.041288 0
1562109236.94 -0.0188 0
1562109237.33 -0.048052 0
1562109237.7 -0.030032 0
1562109238.07 -0.018776 0
1562109238.45 -0.010916 0
1562109238.83 0.014732 0
1562109241.1 -0.788608 1
1562109241.84 -0.397768 0
1562109242.21 -0.040748 0
1562109242.59 -0.011472 0
1562109242.98 -0.055932 0
1562109243.33 -0.03004 0
1562109244.07 -0.401832 0
1562109245.56 -0.409164 1
1562109246.79 0.092944 1
1562109247.06 -0.010912 0
