1561834207.44
1561834210.11 0.025944 0
1561834211.38 0.492632 0
1561834212.23 -0.316972 0
1561834213.06 0.275944 0
1561834213.88 0.343552 0
1561834214.85 0.294596 0
1561834215.75 -0.399336 0
1561834216.63 -0.34346 0
1561834217.49 0.402748 0
1561834218.32 0.369304 0
1561834219.12 0.361808 0
1561834219.88 0.391816 0
1561834220.6 0.3583 0
1561834221.27 -0.28006 0
1561834222.0 -0.350828 0
1561834222.66 -0.272716 0
1561834223.3 0.26084 0
1561834223.97 0.298308 0
1561834224.6 -0.246152 0
1561834225.41 0.342844 0
1561834226.25 0.410576 0
1561834226.74 0.041284 0
1561834227.56 -0.003596 0
1561834228.33 -0.014864 0
1561834229.11 0.00414 0
1561834229.86 -0.007524 0
1561834230.62 0.127152 0
1561834231.34 -0.134632 0
