1557244957.87
1557244960.66 -0.424136 0
1557244961.62 -0.521412 0
1557244962.39 -0.372184 0
1557244963.59 -0.793608 0
1557244964.5 -0.510232 0
1557244965.21 0.302076 0
1557244965.95 0.350204 0
1557244966.62 0.357372 0
1557244967.25 0.286716 0
1557244967.94 0.365008 0
1557244968.29 0.201168 0
1557244968.9 0.517888 0
1557244969.81 0.588892 0
1557244970.58 0.331512 0
1557244971.2 0.257392 0
1557244971.67 0.253392 0
1557244972.08 0.160484 0
1557244972.32 0.052336 0
1557244977.33 -0.074456 1
1557244977.55 -0.063612 0
