1561834962.79
1561834966.2 -0.4868 0
1561834966.97 -0.3572 0
1561834967.75 -0.3491 0
1561834968.86 0.401592 0
1561834969.68 0.409024 0
1561834971.56 -0.353096 1
1561834972.72 0.380396 0
1561834973.46 0.366148 0
1561834975.27 -0.347028 1
1561834976.05 -0.306064 0
1561834976.75 -0.306148 0
1561834977.44 -0.335708 0
1561834978.1 -0.295048 0
1561834978.8 -0.302208 0
1561834979.39 -0.257452 0
1561834980.05 -0.257352 0
1561834980.73 -0.264668 0
1561834981.47 -0.328432 0
1561834982.24 0.216536 0
1561835043.22 0.630572 1
1561835043.55 0.193984 0
1561835043.99 0.235112 0
1561835044.32 0.223828 0
1561835044.72 0.295068 0
1561835045.13 0.291456 0
1561835045.57 0.336128 0
1561835046.09 0.373504 0
1561835046.68 0.46288 0
1561835047.35 0.320744 0
1561835095.38 0.6567 1
1561835095.9 0.249852 0
